TC1BC 6030:718.729   SEGGER J-Link V7.52a Log File
TC1BC 6030:718.850   DLL Compiled: Jul 28 2021 11:08:12
TC1BC 6030:718.875   Logging started @ 2024-04-30 12:55
TC1BC 6030:718.898 - 5028931.757ms
TC1BC 6030:723.145 JLINK_ExecCommand("Device = ATSAMD21G18A", ...). 
TC1BC 6030:723.473   Device "ATSAMD21G18" selected.
TC1BC 6030:724.100 - 0.923ms returns 0x00
TC1BC 6030:743.909 JLINK_TIF_Select(JLINKARM_TIF_SWD)
TC1BC 6030:744.438 - 0.560ms returns 0x00
TC1BC 6030:744.488 JLINK_SetSpeed(4000)
TC1BC 6030:744.576 - 0.106ms
TC1BC 6030:744.610 JLINK_ResetPullsRESET(OFF)
TC1BC 6030:744.633 - 0.034ms
TC1BC 6030:744.657 JLINK_Connect()
TC1BC 6030:744.861   InitTarget() start
TC1BC 6030:744.932    J-Link Script File: Executing InitTarget()
TC1BC 6030:745.130   InitTarget()
TC1BC 6030:747.433   InitTarget() end
TC1BC 6030:748.192   Found SW-DP with ID 0x0BC11477
TC1BC 6030:749.951   DPIDR: 0x0BC11477
TC1BC 6030:749.980   Scanning AP map to find all available APs
TC1BC 6030:750.565   AP[1]: Stopped AP scan as end of AP map has been reached
TC1BC 6030:750.608   AP[0]: AHB-AP (IDR: 0x04770031)
TC1BC 6030:750.648   Iterating through AP map to find AHB-AP to use
TC1BC 6030:751.477   AP[0]: Core found
TC1BC 6030:751.521   AP[0]: AHB-AP ROM base: 0x41003000
TC1BC 6030:751.970   CPUID register: 0x410CC601. Implementer code: 0x41 (ARM)
TC1BC 6030:752.011   Found Cortex-M0 r0p1, Little endian.
TC1BC 6030:853.120   -- Max. mem block: 0x000013E0
TC1BC 6030:853.274   CPU_ReadMem(4 bytes @ 0xE000EDF0)
TC1BC 6030:853.654   CPU_WriteMem(4 bytes @ 0xE000EDF0)
TC1BC 6030:853.968   CPU_ReadMem(4 bytes @ 0xE0002000)
TC1BC 6030:854.310   FPUnit: 4 code (BP) slots and 0 literal slots
TC1BC 6030:854.331   CPU_ReadMem(4 bytes @ 0xE000EDFC)
TC1BC 6030:854.620   CPU_WriteMem(4 bytes @ 0xE000EDFC)
TC1BC 6030:854.934   CPU_ReadMem(4 bytes @ 0xE0001000)
TC1BC 6030:855.219   CPU_WriteMem(4 bytes @ 0xE0001000)
TC1BC 6030:855.556   CoreSight components:
TC1BC 6030:855.586   ROMTbl[0] @ 41003000
TC1BC 6030:855.604   CPU_ReadMem(64 bytes @ 0x41003000)
TC1BC 6030:856.271   CPU_ReadMem(32 bytes @ 0xE00FFFE0)
TC1BC 6030:856.758   ROMTbl[0][0]: E00FF000, CID: B105100D, PID: 000BB4C0 ROM Table
TC1BC 6030:856.792   ROMTbl[1] @ E00FF000
TC1BC 6030:856.809   CPU_ReadMem(64 bytes @ 0xE00FF000)
TC1BC 6030:857.532   CPU_ReadMem(32 bytes @ 0xE000EFE0)
TC1BC 6030:858.021   ROMTbl[1][0]: E000E000, CID: B105E00D, PID: 000BB008 SCS
TC1BC 6030:858.042   CPU_ReadMem(32 bytes @ 0xE0001FE0)
TC1BC 6030:858.576   ROMTbl[1][1]: E0001000, CID: B105E00D, PID: 000BB00A DWT
TC1BC 6030:858.596   CPU_ReadMem(32 bytes @ 0xE0002FE0)
TC1BC 6030:859.167   ROMTbl[1][2]: E0002000, CID: B105E00D, PID: 000BB00B FPB
TC1BC 6030:859.190   CPU_ReadMem(32 bytes @ 0x41006FE0)
TC1BC 6030:859.705   ROMTbl[0][1]: 41006000, CID: B105900D, PID: 001BB932 MTB-M0+
TC1BC 6030:859.730 - 115.077ms returns 0x00
TC1BC 6030:859.791 JLINK_ExecCommand("ExcludeFlashCacheRange 0x0 - 0x40000", ...). 
TC1BC 6030:859.821 - 0.009ms returns 0x00
TC1BC 6030:859.851 JLINK_Halt()
TC1BC 6030:862.613 - 2.775ms returns 0x00
TC1BC 6030:863.914 JLINK_JTAG_GetDeviceID(DeviceIndex = 0)
TC1BC 6030:863.938 - 0.029ms returns 0
TC1BC 6030:863.953 JLINK_ReadMemU32(0x41002018, 0x1 Items)
TC1BC 6030:863.979   CPU_ReadMem(4 bytes @ 0x41002018)
TC1BC 6030:864.291   Data:  05 03 01 10
TC1BC 6030:864.307 - 0.358ms returns 1 (0x1)
T9120 6030:874.850 JLINK_IsHalted()
T9120 6030:875.231 - 0.397ms returns TRUE
T9120 6030:875.261 JLINK_GetMOEs(...)
T9120 6030:875.283   CPU_ReadMem(4 bytes @ 0xE000ED30)
T9120 6030:875.587 - 0.341ms returns 0x01
T9120 6030:875.617 JLINK_ReadReg(R15 (PC))
T9120 6030:875.637 - 0.028ms returns 0x0001F2B8
TC1BC 6030:964.010 JLINK_BeginDownload(Flags = 0x00000000)
TC1BC 6030:964.049 - 0.046ms
TC1BC 6030:964.076 JLINK_WriteMem(0x00012000, 0x27E48 Bytes, ...)
TC1BC 6030:964.088   Data:  A0 77 00 20 45 A1 02 00 3D A2 02 00 3D A2 02 00 ...
TC1BC 6030:964.473   completely In flash
TC1BC 6030:964.714    -- Read from flash cache (163400 bytes @ 0x00012000)
TC1BC 6030:964.758 - 0.756ms returns 0x27E48
TC1BC 6030:965.049 JLINK_WriteMem(0x00039E48, 0x2C4 Bytes, ...)
TC1BC 6030:965.066   Data:  00 00 00 00 0C 00 00 00 00 00 00 00 00 00 00 00 ...
TC1BC 6030:965.086   completely In flash
TC1BC 6030:965.105    -- Read from flash cache (708 bytes @ 0x00039E48)
TC1BC 6030:965.122 - 0.078ms returns 0x2C4
T9120 6031:075.849 JLINK_IsHalted()
T9120 6031:075.905 - 0.062ms returns TRUE
TC1BC 6031:076.688 JLINK_EndDownload()
TC1BC 6031:076.894   CPU_ReadMem(4 bytes @ 0x41006004)
TC1BC 6031:077.210   CPU_ReadMem(4 bytes @ 0xE000ED90)
TC1BC 6031:077.554    -- --------------------------------------
TC1BC 6031:077.571   Flash bank @ 0x00000000: Default: L2 verify disabled because algorithm performs L1 verify
TC1BC 6031:077.584    -- Start of determining dirty areas in flash cache
TC1BC 6031:077.657    -- End of determining dirty areas
TC1BC 6031:077.670    -- Start of preparing flash programming
TC1BC 6031:077.682    -- Calculating RAM usage
TC1BC 6031:077.705    -- RAM usage = 10020 Bytes
TC1BC 6031:077.717    -- Preserving CPU registers
TC1BC 6031:077.739    -- Preparing memory
TC1BC 6031:077.752    -- Preparing target
TC1BC 6031:077.764    -- Preserving target RAM temporarily used for programming
TC1BC 6031:141.309    -- Downloading RAMCode
TC1BC 6031:158.680    -- Preparing RAMCode
TC1BC 6031:163.820    -- Checking target RAM
TC1BC 6031:165.826    -- End of preparing flash programming
TC1BC 6031:166.094   Looking for J-Link GUI Server exe at: C:\Program Files (x86)\Atmel\Studio\7.0\atbackend\JLinkGUIServer.exe
TC1BC 6031:166.436   Looking for J-Link GUI Server exe at: \JLinkGUIServer.exe
TC1BC 6031:467.927   Failed to connect to J-Link GUI Server.
TC1BC 6031:482.312    -- CPU speed could not be measured.
TC1BC 6031:482.376    -- Start of comparing flash
TC1BC 6031:482.398    -- CRC check was estimated as fastest method
TC1BC 6031:482.424    -- Comparing range 0x12000 - 0x31FFF (512 Sectors, 128 KiB), using multi-block CRC calculation
TC1BC 6031:578.246   
 -- CRC does not match for sectors 0-1, 20-26, 34, 39, 41-42, 46, 51-53, 55-67, 70, 76, 82, 85-86, 89-91, 94-101, 103-104, 106-107, 109, 111, 116-117, 140, 145, 149, 154, 166, 170, 172, 176, 184-185, 199, 204, 208, 211, 216, 221, 228, 231-233, 235, 239, 241, 245-246, 251-252, 254, 258, 260-262, 265-266, 268, 271, 275-278, 280-281, 283-284, 286, 289, 297, 303, 306-308, 325, 328-329, 359, 361-362, 368, 373, 376, 378-379, 382-386, 389, 406-408, 417, 421, 427, 444, 451, 453, 458-460, 463, 465, 469, 476-477, 479, 483-484, 486, 490-491, 495, 498-499, 502, 506, 509-510

TC1BC 6031:578.311    -- Comparing range 0x32000 - 0x3A1FF (130 Sectors, 32 KiB), using multi-block CRC calculation
TC1BC 6031:592.651    -- CRC does not match for sectors 1-129
TC1BC 6031:592.688    -- Comparing range 0x12200 - 0x133FF (18 Sectors, 4 KiB), using alternative multi-block CRC calculation
TC1BC 6031:597.499    -- All CRCs match
TC1BC 6031:597.536    -- Comparing range 0x13B00 - 0x141FF (7 Sectors, 1 KiB), using alternative multi-block CRC calculation
TC1BC 6031:600.239    -- All CRCs match
TC1BC 6031:600.262    -- Comparing range 0x14300 - 0x146FF (4 Sectors, 1024 Bytes), using alternative multi-block CRC calculation
TC1BC 6031:602.763    -- All CRCs match
TC1BC 6031:602.789    -- Comparing range 0x14800 - 0x148FF (1 Sector, 256 Bytes), using alternative multi-block CRC calculation
TC1BC 6031:604.203    -- All CRCs match
TC1BC 6031:604.222    -- Comparing range 0x14B00 - 0x14DFF (3 Sectors, 768 Bytes), using alternative multi-block CRC calculation
TC1BC 6031:606.143    -- All CRCs match
TC1BC 6031:606.165    -- Comparing range 0x14F00 - 0x152FF (4 Sectors, 1024 Bytes), using alternative multi-block CRC calculation
TC1BC 6031:608.166    -- All CRCs match
TC1BC 6031:608.187    -- Comparing range 0x15600 - 0x156FF (1 Sector, 256 Bytes), using alternative multi-block CRC calculation
TC1BC 6031:609.587    -- All CRCs match
TC1BC 6031:609.612    -- Comparing range 0x16400 - 0x165FF (2 Sectors, 512 Bytes), using alternative multi-block CRC calculation
TC1BC 6031:611.572    -- All CRCs match
TC1BC 6031:611.596    -- Comparing range 0x16700 - 0x16BFF (5 Sectors, 1 KiB), using alternative multi-block CRC calculation
TC1BC 6031:613.774    -- All CRCs match
TC1BC 6031:613.800    -- Comparing range 0x16D00 - 0x171FF (5 Sectors, 1 KiB), using alternative multi-block CRC calculation
TC1BC 6031:616.004    -- All CRCs match
TC1BC 6031:616.039    -- Comparing range 0x17300 - 0x174FF (2 Sectors, 512 Bytes), using alternative multi-block CRC calculation
TC1BC 6031:618.585    -- All CRCs match
TC1BC 6031:618.611    -- Comparing range 0x17700 - 0x178FF (2 Sectors, 512 Bytes), using alternative multi-block CRC calculation
TC1BC 6031:620.456    -- All CRCs match
TC1BC 6031:620.488    -- Comparing range 0x17C00 - 0x17DFF (2 Sectors, 512 Bytes), using alternative multi-block CRC calculation
TC1BC 6031:622.301    -- All CRCs match
TC1BC 6031:622.320    -- Comparing range 0x18600 - 0x186FF (1 Sector, 256 Bytes), using alternative multi-block CRC calculation
TC1BC 6031:623.709    -- All CRCs match
TC1BC 6031:623.730    -- Comparing range 0x18900 - 0x189FF (1 Sector, 256 Bytes), using alternative multi-block CRC calculation
TC1BC 6031:625.133    -- All CRCs match
TC1BC 6031:625.155    -- Comparing range 0x18C00 - 0x18CFF (1 Sector, 256 Bytes), using alternative multi-block CRC calculation
TC1BC 6031:626.571    -- All CRCs match
TC1BC 6031:626.595    -- Comparing range 0x18E00 - 0x18EFF (1 Sector, 256 Bytes), using alternative multi-block CRC calculation
TC1BC 6031:628.046    -- All CRCs match
TC1BC 6031:628.068    -- Comparing range 0x19000 - 0x193FF (4 Sectors, 1024 Bytes), using alternative multi-block CRC calculation
TC1BC 6031:630.183    -- All CRCs match
TC1BC 6031:630.204    -- Comparing range 0x19600 - 0x1ABFF (22 Sectors, 5 KiB), using alternative multi-block CRC calculation
TC1BC 6031:635.932    -- All CRCs match
TC1BC 6031:635.960    -- Comparing range 0x1AD00 - 0x1B0FF (4 Sectors, 1024 Bytes), using alternative multi-block CRC calculation
TC1BC 6031:638.030    -- All CRCs match
TC1BC 6031:638.052    -- Comparing range 0x1B200 - 0x1B4FF (3 Sectors, 768 Bytes), using alternative multi-block CRC calculation
TC1BC 6031:640.000    -- All CRCs match
TC1BC 6031:640.022    -- Comparing range 0x1B600 - 0x1B9FF (4 Sectors, 1024 Bytes), using alternative multi-block CRC calculation
TC1BC 6031:642.051    -- All CRCs match
TC1BC 6031:642.073    -- Comparing range 0x1BB00 - 0x1C5FF (11 Sectors, 2 KiB), using alternative multi-block CRC calculation
TC1BC 6031:645.477    -- All CRCs match
TC1BC 6031:645.503    -- Comparing range 0x1C700 - 0x1C9FF (3 Sectors, 768 Bytes), using alternative multi-block CRC calculation
TC1BC 6031:647.484    -- All CRCs match
TC1BC 6031:647.514    -- Comparing range 0x1CB00 - 0x1CBFF (1 Sector, 256 Bytes), using alternative multi-block CRC calculation
TC1BC 6031:649.759    -- All CRCs match
TC1BC 6031:649.789    -- Comparing range 0x1CD00 - 0x1CFFF (3 Sectors, 768 Bytes), using alternative multi-block CRC calculation
TC1BC 6031:651.812    -- All CRCs match
TC1BC 6031:651.842    -- Comparing range 0x1D100 - 0x1D7FF (7 Sectors, 1 KiB), using alternative multi-block CRC calculation
TC1BC 6031:654.603    -- All CRCs match
TC1BC 6031:654.626    -- Comparing range 0x1DA00 - 0x1E6FF (13 Sectors, 3 KiB), using alternative multi-block CRC calculation
TC1BC 6031:658.661    -- All CRCs match
TC1BC 6031:658.688    -- Comparing range 0x1E800 - 0x1EBFF (4 Sectors, 1024 Bytes), using alternative multi-block CRC calculation
TC1BC 6031:660.773    -- All CRCs match
TC1BC 6031:660.796    -- Comparing range 0x1ED00 - 0x1EFFF (3 Sectors, 768 Bytes), using alternative multi-block CRC calculation
TC1BC 6031:663.415    -- All CRCs match
TC1BC 6031:663.449    -- Comparing range 0x1F100 - 0x1F2FF (2 Sectors, 512 Bytes), using alternative multi-block CRC calculation
TC1BC 6031:665.309    -- All CRCs match
TC1BC 6031:665.334    -- Comparing range 0x1F400 - 0x1F7FF (4 Sectors, 1024 Bytes), using alternative multi-block CRC calculation
TC1BC 6031:667.600    -- All CRCs match
TC1BC 6031:667.628    -- Comparing range 0x1F900 - 0x1FCFF (4 Sectors, 1024 Bytes), using alternative multi-block CRC calculation
TC1BC 6031:669.697    -- All CRCs match
TC1BC 6031:669.720    -- Comparing range 0x1FE00 - 0x203FF (6 Sectors, 1 KiB), using alternative multi-block CRC calculation
TC1BC 6031:672.057    -- All CRCs match
TC1BC 6031:672.082    -- Comparing range 0x20500 - 0x206FF (2 Sectors, 512 Bytes), using alternative multi-block CRC calculation
TC1BC 6031:673.918    -- All CRCs match
TC1BC 6031:673.941    -- Comparing range 0x20A00 - 0x20AFF (1 Sector, 256 Bytes), using alternative multi-block CRC calculation
TC1BC 6031:675.320    -- All CRCs match
TC1BC 6031:675.342    -- Comparing range 0x20C00 - 0x20EFF (3 Sectors, 768 Bytes), using alternative multi-block CRC calculation
TC1BC 6031:677.425    -- All CRCs match
TC1BC 6031:677.450    -- Comparing range 0x21000 - 0x210FF (1 Sector, 256 Bytes), using alternative multi-block CRC calculation
TC1BC 6031:678.972    -- All CRCs match
TC1BC 6031:679.004    -- Comparing range 0x21200 - 0x214FF (3 Sectors, 768 Bytes), using alternative multi-block CRC calculation
TC1BC 6031:681.032    -- All CRCs match
TC1BC 6031:681.062    -- Comparing range 0x21700 - 0x21AFF (4 Sectors, 1024 Bytes), using alternative multi-block CRC calculation
TC1BC 6031:683.183    -- All CRCs match
TC1BC 6031:683.218    -- Comparing range 0x21D00 - 0x21DFF (1 Sector, 256 Bytes), using alternative multi-block CRC calculation
TC1BC 6031:684.664    -- All CRCs match
TC1BC 6031:684.686    -- Comparing range 0x21F00 - 0x221FF (3 Sectors, 768 Bytes), using alternative multi-block CRC calculation
TC1BC 6031:686.688    -- All CRCs match
TC1BC 6031:686.713    -- Comparing range 0x22300 - 0x223FF (1 Sector, 256 Bytes), using alternative multi-block CRC calculation
TC1BC 6031:688.166    -- All CRCs match
TC1BC 6031:688.191    -- Comparing range 0x22700 - 0x228FF (2 Sectors, 512 Bytes), using alternative multi-block CRC calculation
TC1BC 6031:690.091    -- All CRCs match
TC1BC 6031:690.121    -- Comparing range 0x22B00 - 0x22BFF (1 Sector, 256 Bytes), using alternative multi-block CRC calculation
TC1BC 6031:691.591    -- All CRCs match
TC1BC 6031:691.620    -- Comparing range 0x22D00 - 0x22EFF (2 Sectors, 512 Bytes), using alternative multi-block CRC calculation
TC1BC 6031:693.495    -- All CRCs match
TC1BC 6031:693.527    -- Comparing range 0x23000 - 0x232FF (3 Sectors, 768 Bytes), using alternative multi-block CRC calculation
TC1BC 6031:695.438    -- All CRCs match
TC1BC 6031:695.457    -- Comparing range 0x23700 - 0x237FF (1 Sector, 256 Bytes), using alternative multi-block CRC calculation
TC1BC 6031:696.886    -- All CRCs match
TC1BC 6031:696.906    -- Comparing range 0x23A00 - 0x23AFF (1 Sector, 256 Bytes), using alternative multi-block CRC calculation
TC1BC 6031:698.277    -- All CRCs match
TC1BC 6031:698.299    -- Comparing range 0x23D00 - 0x23DFF (1 Sector, 256 Bytes), using alternative multi-block CRC calculation
TC1BC 6031:699.690    -- All CRCs match
TC1BC 6031:699.711    -- Comparing range 0x23F00 - 0x240FF (2 Sectors, 512 Bytes), using alternative multi-block CRC calculation
TC1BC 6031:701.576    -- All CRCs match
TC1BC 6031:701.598    -- Comparing range 0x24200 - 0x248FF (7 Sectors, 1 KiB), using alternative multi-block CRC calculation
TC1BC 6031:704.283    -- All CRCs match
TC1BC 6031:704.305    -- Comparing range 0x24A00 - 0x24EFF (5 Sectors, 1 KiB), using alternative multi-block CRC calculation
TC1BC 6031:706.429    -- All CRCs match
TC1BC 6031:706.450    -- Comparing range 0x25000 - 0x251FF (2 Sectors, 512 Bytes), using alternative multi-block CRC calculation
TC1BC 6031:708.348    -- All CRCs match
TC1BC 6031:708.378    -- Comparing range 0x25500 - 0x264FF (16 Sectors, 4 KiB), using alternative multi-block CRC calculation
TC1BC 6031:712.898    -- All CRCs match
TC1BC 6031:712.936    -- Comparing range 0x26600 - 0x267FF (2 Sectors, 512 Bytes), using alternative multi-block CRC calculation
TC1BC 6031:714.870    -- All CRCs match
TC1BC 6031:714.956    -- Comparing range 0x26A00 - 0x286FF (29 Sectors, 7 KiB), using alternative multi-block CRC calculation
TC1BC 6031:721.911    -- All CRCs match
TC1BC 6031:721.940    -- Comparing range 0x28800 - 0x288FF (1 Sector, 256 Bytes), using alternative multi-block CRC calculation
TC1BC 6031:723.653    -- All CRCs match
TC1BC 6031:723.678    -- Comparing range 0x28B00 - 0x28FFF (5 Sectors, 1 KiB), using alternative multi-block CRC calculation
TC1BC 6031:725.941    -- All CRCs match
TC1BC 6031:725.987    -- Comparing range 0x29100 - 0x294FF (4 Sectors, 1024 Bytes), using alternative multi-block CRC calculation
TC1BC 6031:728.160    -- All CRCs match
TC1BC 6031:728.190    -- Comparing range 0x29600 - 0x297FF (2 Sectors, 512 Bytes), using alternative multi-block CRC calculation
TC1BC 6031:730.166    -- All CRCs match
TC1BC 6031:730.191    -- Comparing range 0x29900 - 0x299FF (1 Sector, 256 Bytes), using alternative multi-block CRC calculation
TC1BC 6031:731.622    -- All CRCs match
TC1BC 6031:731.645    -- Comparing range 0x29C00 - 0x29DFF (2 Sectors, 512 Bytes), using alternative multi-block CRC calculation
TC1BC 6031:733.628    -- All CRCs match
TC1BC 6031:733.651    -- Comparing range 0x2A300 - 0x2A4FF (2 Sectors, 512 Bytes), using alternative multi-block CRC calculation
TC1BC 6031:735.578    -- All CRCs match
TC1BC 6031:735.597    -- Comparing range 0x2A600 - 0x2B5FF (16 Sectors, 4 KiB), using alternative multi-block CRC calculation
TC1BC 6031:740.028    -- All CRCs match
TC1BC 6031:740.051    -- Comparing range 0x2B900 - 0x2C0FF (8 Sectors, 2 KiB), using alternative multi-block CRC calculation
TC1BC 6031:742.859    -- All CRCs match
TC1BC 6031:742.880    -- Comparing range 0x2C200 - 0x2C4FF (3 Sectors, 768 Bytes), using alternative multi-block CRC calculation
TC1BC 6031:744.798    -- All CRCs match
TC1BC 6031:744.821    -- Comparing range 0x2C600 - 0x2CAFF (5 Sectors, 1 KiB), using alternative multi-block CRC calculation
TC1BC 6031:747.036    -- All CRCs match
TC1BC 6031:747.067    -- Comparing range 0x2CC00 - 0x2DBFF (16 Sectors, 4 KiB), using alternative multi-block CRC calculation
TC1BC 6031:751.400    -- All CRCs match
TC1BC 6031:751.430    -- Comparing range 0x2DD00 - 0x2E2FF (6 Sectors, 1 KiB), using alternative multi-block CRC calculation
TC1BC 6031:754.646    -- All CRCs match
TC1BC 6031:754.691    -- Comparing range 0x2E400 - 0x2E4FF (1 Sector, 256 Bytes), using alternative multi-block CRC calculation
TC1BC 6031:756.128    -- All CRCs match
TC1BC 6031:756.151    -- Comparing range 0x2E600 - 0x2E9FF (4 Sectors, 1024 Bytes), using alternative multi-block CRC calculation
TC1BC 6031:758.204    -- All CRCs match
TC1BC 6031:758.231    -- Comparing range 0x2ED00 - 0x2EEFF (2 Sectors, 512 Bytes), using alternative multi-block CRC calculation
TC1BC 6031:760.131    -- All CRCs match
TC1BC 6031:760.170    -- Comparing range 0x2F000 - 0x2F0FF (1 Sector, 256 Bytes), using alternative multi-block CRC calculation
TC1BC 6031:761.635    -- All CRCs match
TC1BC 6031:761.666    -- Comparing range 0x2F200 - 0x2F4FF (3 Sectors, 768 Bytes), using alternative multi-block CRC calculation
TC1BC 6031:763.710    -- All CRCs match
TC1BC 6031:763.746    -- Comparing range 0x2F600 - 0x2FBFF (6 Sectors, 1 KiB), using alternative multi-block CRC calculation
TC1BC 6031:766.146    -- All CRCs match
TC1BC 6031:766.181    -- Comparing range 0x2FE00 - 0x2FEFF (1 Sector, 256 Bytes), using alternative multi-block CRC calculation
TC1BC 6031:767.687    -- All CRCs match
TC1BC 6031:767.720    -- Comparing range 0x30000 - 0x302FF (3 Sectors, 768 Bytes), using alternative multi-block CRC calculation
TC1BC 6031:769.699    -- All CRCs match
TC1BC 6031:769.730    -- Comparing range 0x30500 - 0x305FF (1 Sector, 256 Bytes), using alternative multi-block CRC calculation
TC1BC 6031:771.176    -- All CRCs match
TC1BC 6031:771.206    -- Comparing range 0x30700 - 0x309FF (3 Sectors, 768 Bytes), using alternative multi-block CRC calculation
TC1BC 6031:773.201    -- All CRCs match
TC1BC 6031:773.232    -- Comparing range 0x30C00 - 0x30EFF (3 Sectors, 768 Bytes), using alternative multi-block CRC calculation
TC1BC 6031:775.271    -- All CRCs match
TC1BC 6031:775.297    -- Comparing range 0x31000 - 0x311FF (2 Sectors, 512 Bytes), using alternative multi-block CRC calculation
TC1BC 6031:777.233    -- All CRCs match
TC1BC 6031:777.260    -- Comparing range 0x31400 - 0x315FF (2 Sectors, 512 Bytes), using alternative multi-block CRC calculation
TC1BC 6031:779.149    -- All CRCs match
TC1BC 6031:779.183    -- Comparing range 0x31700 - 0x319FF (3 Sectors, 768 Bytes), using alternative multi-block CRC calculation
TC1BC 6031:781.179    -- All CRCs match
TC1BC 6031:781.204    -- Comparing range 0x31B00 - 0x31CFF (2 Sectors, 512 Bytes), using alternative multi-block CRC calculation
TC1BC 6031:783.085    -- All CRCs match
TC1BC 6031:783.112    -- Comparing range 0x31F00 - 0x320FF (2 Sectors, 512 Bytes), using alternative multi-block CRC calculation
TC1BC 6031:784.986    -- All CRCs match
TC1BC 6031:785.011    -- End of comparing flash
TC1BC 6031:785.026    -- Start of erasing sectors
TC1BC 6031:785.040    -- Erasing range 0x00012000 - 0x000121FF (  2 Sectors, 512 Bytes)
TC1BC 6031:787.663    -- Erasing range 0x00013400 - 0x00013AFF (  7 Sectors, 1 KB)
TC1BC 6031:794.338    -- Erasing range 0x00014200 - 0x000142FF (  1 Sector, 256 Bytes)
TC1BC 6031:796.056    -- Erasing range 0x00014700 - 0x000147FF (  1 Sector, 256 Bytes)
TC1BC 6031:797.612    -- Erasing range 0x00014900 - 0x00014AFF (  2 Sectors, 512 Bytes)
TC1BC 6031:800.049    -- Erasing range 0x00014E00 - 0x00014EFF (  1 Sector, 256 Bytes)
TC1BC 6031:801.673    -- Erasing range 0x00015300 - 0x000155FF (  3 Sectors, 768 Bytes)
TC1BC 6031:805.196    -- Erasing range 0x00015700 - 0x000163FF ( 13 Sectors, 3 KB)
TC1BC 6031:817.874    -- Erasing range 0x00016600 - 0x000166FF (  1 Sector, 256 Bytes)
TC1BC 6031:819.591    -- Erasing range 0x00016C00 - 0x00016CFF (  1 Sector, 256 Bytes)
TC1BC 6031:821.214    -- Erasing range 0x00017200 - 0x000172FF (  1 Sector, 256 Bytes)
TC1BC 6031:823.170    -- Erasing range 0x00017500 - 0x000176FF (  2 Sectors, 512 Bytes)
TC1BC 6031:825.579    -- Erasing range 0x00017900 - 0x00017BFF (  3 Sectors, 768 Bytes)
TC1BC 6031:829.034    -- Erasing range 0x00017E00 - 0x000185FF (  8 Sectors, 2 KB)
TC1BC 6031:836.691    -- Erasing range 0x00018700 - 0x000188FF (  2 Sectors, 512 Bytes)
TC1BC 6031:839.344    -- Erasing range 0x00018A00 - 0x00018BFF (  2 Sectors, 512 Bytes)
TC1BC 6031:841.980    -- Erasing range 0x00018D00 - 0x00018DFF (  1 Sector, 256 Bytes)
TC1BC 6031:844.322    -- Erasing range 0x00018F00 - 0x00018FFF (  1 Sector, 256 Bytes)
TC1BC 6031:845.919    -- Erasing range 0x00019400 - 0x000195FF (  2 Sectors, 512 Bytes)
TC1BC 6031:848.577    -- Erasing range 0x0001AC00 - 0x0001ACFF (  1 Sector, 256 Bytes)
TC1BC 6031:850.143    -- Erasing range 0x0001B100 - 0x0001B1FF (  1 Sector, 256 Bytes)
TC1BC 6031:851.779    -- Erasing range 0x0001B500 - 0x0001B5FF (  1 Sector, 256 Bytes)
TC1BC 6031:853.784    -- Erasing range 0x0001BA00 - 0x0001BAFF (  1 Sector, 256 Bytes)
TC1BC 6031:855.766    -- Erasing range 0x0001C600 - 0x0001C6FF (  1 Sector, 256 Bytes)
TC1BC 6031:857.323    -- Erasing range 0x0001CA00 - 0x0001CAFF (  1 Sector, 256 Bytes)
TC1BC 6031:859.207    -- Erasing range 0x0001CC00 - 0x0001CCFF (  1 Sector, 256 Bytes)
TC1BC 6031:861.185    -- Erasing range 0x0001D000 - 0x0001D0FF (  1 Sector, 256 Bytes)
TC1BC 6031:862.750    -- Erasing range 0x0001D800 - 0x0001D9FF (  2 Sectors, 512 Bytes)
TC1BC 6031:865.385    -- Erasing range 0x0001E700 - 0x0001E7FF (  1 Sector, 256 Bytes)
TC1BC 6031:867.463    -- Erasing range 0x0001EC00 - 0x0001ECFF (  1 Sector, 256 Bytes)
TC1BC 6031:869.105    -- Erasing range 0x0001F000 - 0x0001F0FF (  1 Sector, 256 Bytes)
TC1BC 6031:870.767    -- Erasing range 0x0001F300 - 0x0001F3FF (  1 Sector, 256 Bytes)
TC1BC 6031:872.373    -- Erasing range 0x0001F800 - 0x0001F8FF (  1 Sector, 256 Bytes)
TC1BC 6031:874.830    -- Erasing range 0x0001FD00 - 0x0001FDFF (  1 Sector, 256 Bytes)
TC1BC 6031:876.485    -- Erasing range 0x00020400 - 0x000204FF (  1 Sector, 256 Bytes)
TC1BC 6031:878.394    -- Erasing range 0x00020700 - 0x000209FF (  3 Sectors, 768 Bytes)
TC1BC 6031:882.264    -- Erasing range 0x00020B00 - 0x00020BFF (  1 Sector, 256 Bytes)
TC1BC 6031:883.841    -- Erasing range 0x00020F00 - 0x00020FFF (  1 Sector, 256 Bytes)
TC1BC 6031:885.394    -- Erasing range 0x00021100 - 0x000211FF (  1 Sector, 256 Bytes)
TC1BC 6031:887.020    -- Erasing range 0x00021500 - 0x000216FF (  2 Sectors, 512 Bytes)
TC1BC 6031:889.928    -- Erasing range 0x00021B00 - 0x00021CFF (  2 Sectors, 512 Bytes)
TC1BC 6031:892.675    -- Erasing range 0x00021E00 - 0x00021EFF (  1 Sector, 256 Bytes)
TC1BC 6031:894.670    -- Erasing range 0x00022200 - 0x000222FF (  1 Sector, 256 Bytes)
TC1BC 6031:896.305    -- Erasing range 0x00022400 - 0x000226FF (  3 Sectors, 768 Bytes)
TC1BC 6031:899.712    -- Erasing range 0x00022900 - 0x00022AFF (  2 Sectors, 512 Bytes)
TC1BC 6031:902.321    -- Erasing range 0x00022C00 - 0x00022CFF (  1 Sector, 256 Bytes)
TC1BC 6031:903.957    -- Erasing range 0x00022F00 - 0x00022FFF (  1 Sector, 256 Bytes)
TC1BC 6031:905.582    -- Erasing range 0x00023300 - 0x000236FF (  4 Sectors, 1024 Bytes)
TC1BC 6031:909.673    -- Erasing range 0x00023800 - 0x000239FF (  2 Sectors, 512 Bytes)
TC1BC 6031:912.466    -- Erasing range 0x00023B00 - 0x00023CFF (  2 Sectors, 512 Bytes)
TC1BC 6031:915.053    -- Erasing range 0x00023E00 - 0x00023EFF (  1 Sector, 256 Bytes)
TC1BC 6031:916.606    -- Erasing range 0x00024100 - 0x000241FF (  1 Sector, 256 Bytes)
TC1BC 6031:918.186    -- Erasing range 0x00024900 - 0x000249FF (  1 Sector, 256 Bytes)
TC1BC 6031:919.968    -- Erasing range 0x00024F00 - 0x00024FFF (  1 Sector, 256 Bytes)
TC1BC 6031:921.607    -- Erasing range 0x00025200 - 0x000254FF (  3 Sectors, 768 Bytes)
TC1BC 6031:925.088    -- Erasing range 0x00026500 - 0x000265FF (  1 Sector, 256 Bytes)
TC1BC 6031:926.706    -- Erasing range 0x00026800 - 0x000269FF (  2 Sectors, 512 Bytes)
TC1BC 6031:929.507    -- Erasing range 0x00028700 - 0x000287FF (  1 Sector, 256 Bytes)
TC1BC 6031:931.107    -- Erasing range 0x00028900 - 0x00028AFF (  2 Sectors, 512 Bytes)
TC1BC 6031:933.778    -- Erasing range 0x00029000 - 0x000290FF (  1 Sector, 256 Bytes)
TC1BC 6031:935.766    -- Erasing range 0x00029500 - 0x000295FF (  1 Sector, 256 Bytes)
TC1BC 6031:937.411    -- Erasing range 0x00029800 - 0x000298FF (  1 Sector, 256 Bytes)
TC1BC 6031:939.072    -- Erasing range 0x00029A00 - 0x00029BFF (  2 Sectors, 512 Bytes)
TC1BC 6031:941.811    -- Erasing range 0x00029E00 - 0x0002A2FF (  5 Sectors, 1 KB)
TC1BC 6031:947.149    -- Erasing range 0x0002A500 - 0x0002A5FF (  1 Sector, 256 Bytes)
TC1BC 6031:948.756    -- Erasing range 0x0002B600 - 0x0002B8FF (  3 Sectors, 768 Bytes)
TC1BC 6031:952.064    -- Erasing range 0x0002C100 - 0x0002C1FF (  1 Sector, 256 Bytes)
TC1BC 6031:953.647    -- Erasing range 0x0002C500 - 0x0002C5FF (  1 Sector, 256 Bytes)
TC1BC 6031:955.276    -- Erasing range 0x0002CB00 - 0x0002CBFF (  1 Sector, 256 Bytes)
TC1BC 6031:957.189    -- Erasing range 0x0002DC00 - 0x0002DCFF (  1 Sector, 256 Bytes)
TC1BC 6031:958.755    -- Erasing range 0x0002E300 - 0x0002E3FF (  1 Sector, 256 Bytes)
TC1BC 6031:960.687    -- Erasing range 0x0002E500 - 0x0002E5FF (  1 Sector, 256 Bytes)
TC1BC 6031:962.290    -- Erasing range 0x0002EA00 - 0x0002ECFF (  3 Sectors, 768 Bytes)
TC1BC 6031:965.771    -- Erasing range 0x0002EF00 - 0x0002EFFF (  1 Sector, 256 Bytes)
TC1BC 6031:967.401    -- Erasing range 0x0002F100 - 0x0002F1FF (  1 Sector, 256 Bytes)
TC1BC 6031:969.056    -- Erasing range 0x0002F500 - 0x0002F5FF (  1 Sector, 256 Bytes)
TC1BC 6031:970.697    -- Erasing range 0x0002FC00 - 0x0002FDFF (  2 Sectors, 512 Bytes)
TC1BC 6031:973.489    -- Erasing range 0x0002FF00 - 0x0002FFFF (  1 Sector, 256 Bytes)
TC1BC 6031:975.078    -- Erasing range 0x00030300 - 0x000304FF (  2 Sectors, 512 Bytes)
TC1BC 6031:977.492    -- Erasing range 0x00030600 - 0x000306FF (  1 Sector, 256 Bytes)
TC1BC 6031:979.783    -- Erasing range 0x00030A00 - 0x00030BFF (  2 Sectors, 512 Bytes)
TC1BC 6031:982.800    -- Erasing range 0x00030F00 - 0x00030FFF (  1 Sector, 256 Bytes)
TC1BC 6031:984.396    -- Erasing range 0x00031200 - 0x000313FF (  2 Sectors, 512 Bytes)
TC1BC 6031:987.199    -- Erasing range 0x00031600 - 0x000316FF (  1 Sector, 256 Bytes)
TC1BC 6031:988.871    -- Erasing range 0x00031A00 - 0x00031AFF (  1 Sector, 256 Bytes)
TC1BC 6031:990.589    -- Erasing range 0x00031D00 - 0x00031EFF (  2 Sectors, 512 Bytes)
TC1BC 6031:992.981    -- Erasing range 0x00032100 - 0x0003A0FF (128 Sectors, 32 KB)
TC1BC 6032:105.858    -- Erasing range 0x0003A100 - 0x0003A1FF (  1 Sector, 256 Bytes)
TC1BC 6032:107.584    -- End of erasing sectors
TC1BC 6032:107.607    -- Start of flash programming
TC1BC 6032:107.623    -- Programming range 0x00012000 - 0x000121FF (  2 Sectors, 512 Bytes)
TC1BC 6032:107.650    -- Programming range 0x00013400 - 0x00013AFF (  7 Sectors, 1 KB)
TC1BC 6032:107.674    -- Programming range 0x00014200 - 0x000142FF (  1 Sector, 256 Bytes)
TC1BC 6032:120.834    -- Programming range 0x00014700 - 0x000147FF (  1 Sector, 256 Bytes)
TC1BC 6032:127.707    -- Programming range 0x00014900 - 0x00014AFF (  2 Sectors, 512 Bytes)
TC1BC 6032:130.226    -- Programming range 0x00014E00 - 0x00014EFF (  1 Sector, 256 Bytes)
TC1BC 6032:135.193    -- Programming range 0x00015300 - 0x000155FF (  3 Sectors, 768 Bytes)
TC1BC 6032:137.701    -- Programming range 0x00015700 - 0x000163FF ( 13 Sectors, 3 KB)
TC1BC 6032:142.660    -- Programming range 0x00016600 - 0x000166FF (  1 Sector, 256 Bytes)
TC1BC 6032:159.951    -- Programming range 0x00016C00 - 0x00016CFF (  1 Sector, 256 Bytes)
TC1BC 6032:173.005    -- Programming range 0x00017200 - 0x000172FF (  1 Sector, 256 Bytes)
TC1BC 6032:176.286    -- Programming range 0x00017500 - 0x000176FF (  2 Sectors, 512 Bytes)
TC1BC 6032:178.808    -- Programming range 0x00017900 - 0x00017BFF (  3 Sectors, 768 Bytes)
TC1BC 6032:182.637    -- Programming range 0x00017E00 - 0x000185FF (  8 Sectors, 2 KB)
TC1BC 6032:187.636    -- Programming range 0x00018700 - 0x000188FF (  2 Sectors, 512 Bytes)
TC1BC 6032:198.733    -- Programming range 0x00018A00 - 0x00018BFF (  2 Sectors, 512 Bytes)
TC1BC 6032:206.882    -- Programming range 0x00018D00 - 0x00018DFF (  1 Sector, 256 Bytes)
TC1BC 6032:210.625    -- Programming range 0x00018F00 - 0x00018FFF (  1 Sector, 256 Bytes)
TC1BC 6032:213.148    -- Programming range 0x00019400 - 0x000195FF (  2 Sectors, 512 Bytes)
TC1BC 6032:215.656    -- Programming range 0x0001AC00 - 0x0001ACFF (  1 Sector, 256 Bytes)
TC1BC 6032:219.346    -- Programming range 0x0001B100 - 0x0001B1FF (  1 Sector, 256 Bytes)
TC1BC 6032:222.233    -- Programming range 0x0001B500 - 0x0001B5FF (  1 Sector, 256 Bytes)
TC1BC 6032:224.770    -- Programming range 0x0001BA00 - 0x0001BAFF (  1 Sector, 256 Bytes)
TC1BC 6032:227.300    -- Programming range 0x0001C600 - 0x0001C6FF (  1 Sector, 256 Bytes)
TC1BC 6032:229.808    -- Programming range 0x0001CA00 - 0x0001CAFF (  1 Sector, 256 Bytes)
TC1BC 6032:232.322    -- Programming range 0x0001CC00 - 0x0001CCFF (  1 Sector, 256 Bytes)
TC1BC 6032:234.806    -- Programming range 0x0001D000 - 0x0001D0FF (  1 Sector, 256 Bytes)
TC1BC 6032:237.305    -- Programming range 0x0001D800 - 0x0001D9FF (  2 Sectors, 512 Bytes)
TC1BC 6032:239.800    -- Programming range 0x0001E700 - 0x0001E7FF (  1 Sector, 256 Bytes)
TC1BC 6032:243.623    -- Programming range 0x0001EC00 - 0x0001ECFF (  1 Sector, 256 Bytes)
TC1BC 6032:246.115    -- Programming range 0x0001F000 - 0x0001F0FF (  1 Sector, 256 Bytes)
TC1BC 6032:248.610    -- Programming range 0x0001F300 - 0x0001F3FF (  1 Sector, 256 Bytes)
TC1BC 6032:252.281    -- Programming range 0x0001F800 - 0x0001F8FF (  1 Sector, 256 Bytes)
TC1BC 6032:254.790    -- Programming range 0x0001FD00 - 0x0001FDFF (  1 Sector, 256 Bytes)
TC1BC 6032:257.296    -- Programming range 0x00020400 - 0x000204FF (  1 Sector, 256 Bytes)
TC1BC 6032:259.775    -- Programming range 0x00020700 - 0x000209FF (  3 Sectors, 768 Bytes)
TC1BC 6032:262.357    -- Programming range 0x00020B00 - 0x00020BFF (  1 Sector, 256 Bytes)
TC1BC 6032:267.466    -- Programming range 0x00020F00 - 0x00020FFF (  1 Sector, 256 Bytes)
TC1BC 6032:270.401    -- Programming range 0x00021100 - 0x000211FF (  1 Sector, 256 Bytes)
TC1BC 6032:272.965    -- Programming range 0x00021500 - 0x000216FF (  2 Sectors, 512 Bytes)
TC1BC 6032:275.482    -- Programming range 0x00021B00 - 0x00021CFF (  2 Sectors, 512 Bytes)
TC1BC 6032:279.251    -- Programming range 0x00021E00 - 0x00021EFF (  1 Sector, 256 Bytes)
TC1BC 6032:282.978    -- Programming range 0x00022200 - 0x000222FF (  1 Sector, 256 Bytes)
TC1BC 6032:285.460    -- Programming range 0x00022400 - 0x000226FF (  3 Sectors, 768 Bytes)
TC1BC 6032:287.950    -- Programming range 0x00022900 - 0x00022AFF (  2 Sectors, 512 Bytes)
TC1BC 6032:292.910    -- Programming range 0x00022C00 - 0x00022CFF (  1 Sector, 256 Bytes)
TC1BC 6032:296.675    -- Programming range 0x00022F00 - 0x00022FFF (  1 Sector, 256 Bytes)
TC1BC 6032:299.149    -- Programming range 0x00023300 - 0x000236FF (  4 Sectors, 1024 Bytes)
TC1BC 6032:301.637    -- Programming range 0x00023800 - 0x000239FF (  2 Sectors, 512 Bytes)
TC1BC 6032:307.819    -- Programming range 0x00023B00 - 0x00023CFF (  2 Sectors, 512 Bytes)
TC1BC 6032:312.425    -- Programming range 0x00023E00 - 0x00023EFF (  1 Sector, 256 Bytes)
TC1BC 6032:316.165    -- Programming range 0x00024100 - 0x000241FF (  1 Sector, 256 Bytes)
TC1BC 6032:318.644    -- Programming range 0x00024900 - 0x000249FF (  1 Sector, 256 Bytes)
TC1BC 6032:321.093    -- Programming range 0x00024F00 - 0x00024FFF (  1 Sector, 256 Bytes)
TC1BC 6032:323.603    -- Programming range 0x00025200 - 0x000254FF (  3 Sectors, 768 Bytes)
TC1BC 6032:326.083    -- Programming range 0x00026500 - 0x000265FF (  1 Sector, 256 Bytes)
TC1BC 6032:331.081    -- Programming range 0x00026800 - 0x000269FF (  2 Sectors, 512 Bytes)
TC1BC 6032:334.026    -- Programming range 0x00028700 - 0x000287FF (  1 Sector, 256 Bytes)
TC1BC 6032:337.822    -- Programming range 0x00028900 - 0x00028AFF (  2 Sectors, 512 Bytes)
TC1BC 6032:340.351    -- Programming range 0x00029000 - 0x000290FF (  1 Sector, 256 Bytes)
TC1BC 6032:344.067    -- Programming range 0x00029500 - 0x000295FF (  1 Sector, 256 Bytes)
TC1BC 6032:346.635    -- Programming range 0x00029800 - 0x000298FF (  1 Sector, 256 Bytes)
TC1BC 6032:349.140    -- Programming range 0x00029A00 - 0x00029BFF (  2 Sectors, 512 Bytes)
TC1BC 6032:351.662    -- Programming range 0x00029E00 - 0x0002A2FF (  5 Sectors, 1 KB)
TC1BC 6032:355.395    -- Programming range 0x0002A500 - 0x0002A5FF (  1 Sector, 256 Bytes)
TC1BC 6032:362.914    -- Programming range 0x0002B600 - 0x0002B8FF (  3 Sectors, 768 Bytes)
TC1BC 6032:368.117    -- Programming range 0x0002C100 - 0x0002C1FF (  1 Sector, 256 Bytes)
TC1BC 6032:373.076    -- Programming range 0x0002C500 - 0x0002C5FF (  1 Sector, 256 Bytes)
TC1BC 6032:376.031    -- Programming range 0x0002CB00 - 0x0002CBFF (  1 Sector, 256 Bytes)
TC1BC 6032:378.519    -- Programming range 0x0002DC00 - 0x0002DCFF (  1 Sector, 256 Bytes)
TC1BC 6032:381.037    -- Programming range 0x0002E300 - 0x0002E3FF (  1 Sector, 256 Bytes)
TC1BC 6032:383.617    -- Programming range 0x0002E500 - 0x0002E5FF (  1 Sector, 256 Bytes)
TC1BC 6032:387.190    -- Programming range 0x0002EA00 - 0x0002ECFF (  3 Sectors, 768 Bytes)
TC1BC 6032:389.666    -- Programming range 0x0002EF00 - 0x0002EFFF (  1 Sector, 256 Bytes)
TC1BC 6032:394.641    -- Programming range 0x0002F100 - 0x0002F1FF (  1 Sector, 256 Bytes)
TC1BC 6032:397.490    -- Programming range 0x0002F500 - 0x0002F5FF (  1 Sector, 256 Bytes)
TC1BC 6032:399.943    -- Programming range 0x0002FC00 - 0x0002FDFF (  2 Sectors, 512 Bytes)
TC1BC 6032:402.445    -- Programming range 0x0002FF00 - 0x0002FFFF (  1 Sector, 256 Bytes)
TC1BC 6032:406.176    -- Programming range 0x00030300 - 0x000304FF (  2 Sectors, 512 Bytes)
TC1BC 6032:408.710    -- Programming range 0x00030600 - 0x000306FF (  1 Sector, 256 Bytes)
TC1BC 6032:412.464    -- Programming range 0x00030A00 - 0x00030BFF (  2 Sectors, 512 Bytes)
TC1BC 6032:415.026    -- Programming range 0x00030F00 - 0x00030FFF (  1 Sector, 256 Bytes)
TC1BC 6032:418.799    -- Programming range 0x00031200 - 0x000313FF (  2 Sectors, 512 Bytes)
TC1BC 6032:421.283    -- Programming range 0x00031600 - 0x000316FF (  1 Sector, 256 Bytes)
TC1BC 6032:424.976    -- Programming range 0x00031A00 - 0x00031AFF (  1 Sector, 256 Bytes)
TC1BC 6032:427.431    -- Programming range 0x00031D00 - 0x00031EFF (  2 Sectors, 512 Bytes)
TC1BC 6032:429.947    -- Programming range 0x00032100 - 0x0003A0FF (128 Sectors, 32 KB)
TC1BC 6032:579.772    -- Programming range 0x0003A100 - 0x0003A1FF (  1 Sector, 256 Bytes)
TC1BC 6032:600.660    -- End of flash programming
TC1BC 6032:600.704    -- 0x12000 - 0x121FF (  2 Sectors, 512 Bytes)
TC1BC 6032:600.719    -- 0x13400 - 0x13AFF (  7 Sectors, 1 KoB)
TC1BC 6032:600.733    -- 0x14200 - 0x142FF (  1 Sector, 256 Bytes)
TC1BC 6032:600.747    -- 0x14700 - 0x147FF (  1 Sector, 256 Bytes)
TC1BC 6032:600.761    -- 0x14900 - 0x14AFF (  2 Sectors, 512 Bytes)
TC1BC 6032:600.774    -- 0x14E00 - 0x14EFF (  1 Sector, 256 Bytes)
TC1BC 6032:600.788    -- 0x15300 - 0x155FF (  3 Sectors, 768 Bytes)
TC1BC 6032:600.802    -- 0x15700 - 0x163FF ( 13 Sectors, 3 KoB)
TC1BC 6032:600.816    -- 0x16600 - 0x166FF (  1 Sector, 256 Bytes)
TC1BC 6032:600.829    -- 0x16C00 - 0x16CFF (  1 Sector, 256 Bytes)
TC1BC 6032:600.843    -- 0x17200 - 0x172FF (  1 Sector, 256 Bytes)
TC1BC 6032:600.856    -- 0x17500 - 0x176FF (  2 Sectors, 512 Bytes)
TC1BC 6032:600.870    -- 0x17900 - 0x17BFF (  3 Sectors, 768 Bytes)
TC1BC 6032:600.883    -- 0x17E00 - 0x185FF (  8 Sectors, 2 KoB)
TC1BC 6032:600.897    -- 0x18700 - 0x188FF (  2 Sectors, 512 Bytes)
TC1BC 6032:600.910    -- 0x18A00 - 0x18BFF (  2 Sectors, 512 Bytes)
TC1BC 6032:600.923    -- 0x18D00 - 0x18DFF (  1 Sector, 256 Bytes)
TC1BC 6032:600.937    -- 0x18F00 - 0x18FFF (  1 Sector, 256 Bytes)
TC1BC 6032:600.951    -- 0x19400 - 0x195FF (  2 Sectors, 512 Bytes)
TC1BC 6032:600.964    -- 0x1AC00 - 0x1ACFF (  1 Sector, 256 Bytes)
TC1BC 6032:600.978    -- 0x1B100 - 0x1B1FF (  1 Sector, 256 Bytes)
TC1BC 6032:600.991    -- 0x1B500 - 0x1B5FF (  1 Sector, 256 Bytes)
TC1BC 6032:601.004    -- 0x1BA00 - 0x1BAFF (  1 Sector, 256 Bytes)
TC1BC 6032:601.018    -- 0x1C600 - 0x1C6FF (  1 Sector, 256 Bytes)
TC1BC 6032:601.031    -- 0x1CA00 - 0x1CAFF (  1 Sector, 256 Bytes)
TC1BC 6032:601.045    -- 0x1CC00 - 0x1CCFF (  1 Sector, 256 Bytes)
TC1BC 6032:601.058    -- 0x1D000 - 0x1D0FF (  1 Sector, 256 Bytes)
TC1BC 6032:601.071    -- 0x1D800 - 0x1D9FF (  2 Sectors, 512 Bytes)
TC1BC 6032:601.085    -- 0x1E700 - 0x1E7FF (  1 Sector, 256 Bytes)
TC1BC 6032:601.098    -- 0x1EC00 - 0x1ECFF (  1 Sector, 256 Bytes)
TC1BC 6032:601.111    -- 0x1F000 - 0x1F0FF (  1 Sector, 256 Bytes)
TC1BC 6032:601.125    -- 0x1F300 - 0x1F3FF (  1 Sector, 256 Bytes)
TC1BC 6032:601.138    -- 0x1F800 - 0x1F8FF (  1 Sector, 256 Bytes)
TC1BC 6032:601.152    -- 0x1FD00 - 0x1FDFF (  1 Sector, 256 Bytes)
TC1BC 6032:601.165    -- 0x20400 - 0x204FF (  1 Sector, 256 Bytes)
TC1BC 6032:601.179    -- 0x20700 - 0x209FF (  3 Sectors, 768 Bytes)
TC1BC 6032:601.192    -- 0x20B00 - 0x20BFF (  1 Sector, 256 Bytes)
TC1BC 6032:601.206    -- 0x20F00 - 0x20FFF (  1 Sector, 256 Bytes)
TC1BC 6032:601.219    -- 0x21100 - 0x211FF (  1 Sector, 256 Bytes)
TC1BC 6032:601.233    -- 0x21500 - 0x216FF (  2 Sectors, 512 Bytes)
TC1BC 6032:601.246    -- 0x21B00 - 0x21CFF (  2 Sectors, 512 Bytes)
TC1BC 6032:601.260    -- 0x21E00 - 0x21EFF (  1 Sector, 256 Bytes)
TC1BC 6032:601.273    -- 0x22200 - 0x222FF (  1 Sector, 256 Bytes)
TC1BC 6032:601.286    -- 0x22400 - 0x226FF (  3 Sectors, 768 Bytes)
TC1BC 6032:601.300    -- 0x22900 - 0x22AFF (  2 Sectors, 512 Bytes)
TC1BC 6032:601.314    -- 0x22C00 - 0x22CFF (  1 Sector, 256 Bytes)
TC1BC 6032:601.327    -- 0x22F00 - 0x22FFF (  1 Sector, 256 Bytes)
TC1BC 6032:601.341    -- 0x23300 - 0x236FF (  4 Sectors, 1024 Bytes)
TC1BC 6032:601.355    -- 0x23800 - 0x239FF (  2 Sectors, 512 Bytes)
TC1BC 6032:601.376    -- 0x23B00 - 0x23CFF (  2 Sectors, 512 Bytes)
TC1BC 6032:601.389    -- 0x23E00 - 0x23EFF (  1 Sector, 256 Bytes)
TC1BC 6032:601.400    -- 0x24100 - 0x241FF (  1 Sector, 256 Bytes)
TC1BC 6032:601.411    -- 0x24900 - 0x249FF (  1 Sector, 256 Bytes)
TC1BC 6032:601.422    -- 0x24F00 - 0x24FFF (  1 Sector, 256 Bytes)
TC1BC 6032:601.433    -- 0x25200 - 0x254FF (  3 Sectors, 768 Bytes)
TC1BC 6032:601.444    -- 0x26500 - 0x265FF (  1 Sector, 256 Bytes)
TC1BC 6032:601.455    -- 0x26800 - 0x269FF (  2 Sectors, 512 Bytes)
TC1BC 6032:601.466    -- 0x28700 - 0x287FF (  1 Sector, 256 Bytes)
TC1BC 6032:601.477    -- 0x28900 - 0x28AFF (  2 Sectors, 512 Bytes)
TC1BC 6032:601.488    -- 0x29000 - 0x290FF (  1 Sector, 256 Bytes)
TC1BC 6032:601.498    -- 0x29500 - 0x295FF (  1 Sector, 256 Bytes)
TC1BC 6032:601.509    -- 0x29800 - 0x298FF (  1 Sector, 256 Bytes)
TC1BC 6032:601.520    -- 0x29A00 - 0x29BFF (  2 Sectors, 512 Bytes)
TC1BC 6032:601.531    -- 0x29E00 - 0x2A2FF (  5 Sectors, 1 KoB)
TC1BC 6032:601.541    -- 0x2A500 - 0x2A5FF (  1 Sector, 256 Bytes)
TC1BC 6032:601.552    -- 0x2B600 - 0x2B8FF (  3 Sectors, 768 Bytes)
TC1BC 6032:601.563    -- 0x2C100 - 0x2C1FF (  1 Sector, 256 Bytes)
TC1BC 6032:601.574    -- 0x2C500 - 0x2C5FF (  1 Sector, 256 Bytes)
TC1BC 6032:601.585    -- 0x2CB00 - 0x2CBFF (  1 Sector, 256 Bytes)
TC1BC 6032:601.595    -- 0x2DC00 - 0x2DCFF (  1 Sector, 256 Bytes)
TC1BC 6032:601.606    -- 0x2E300 - 0x2E3FF (  1 Sector, 256 Bytes)
TC1BC 6032:601.617    -- 0x2E500 - 0x2E5FF (  1 Sector, 256 Bytes)
TC1BC 6032:601.628    -- 0x2EA00 - 0x2ECFF (  3 Sectors, 768 Bytes)
TC1BC 6032:601.639    -- 0x2EF00 - 0x2EFFF (  1 Sector, 256 Bytes)
TC1BC 6032:601.650    -- 0x2F100 - 0x2F1FF (  1 Sector, 256 Bytes)
TC1BC 6032:601.660    -- 0x2F500 - 0x2F5FF (  1 Sector, 256 Bytes)
TC1BC 6032:601.671    -- 0x2FC00 - 0x2FDFF (  2 Sectors, 512 Bytes)
TC1BC 6032:601.682    -- 0x2FF00 - 0x2FFFF (  1 Sector, 256 Bytes)
TC1BC 6032:601.693    -- 0x30300 - 0x304FF (  2 Sectors, 512 Bytes)
TC1BC 6032:601.704    -- 0x30600 - 0x306FF (  1 Sector, 256 Bytes)
TC1BC 6032:601.714    -- 0x30A00 - 0x30BFF (  2 Sectors, 512 Bytes)
TC1BC 6032:601.725    -- 0x30F00 - 0x30FFF (  1 Sector, 256 Bytes)
TC1BC 6032:601.736    -- 0x31200 - 0x313FF (  2 Sectors, 512 Bytes)
TC1BC 6032:601.747    -- 0x31600 - 0x316FF (  1 Sector, 256 Bytes)
TC1BC 6032:601.758    -- 0x31A00 - 0x31AFF (  1 Sector, 256 Bytes)
TC1BC 6032:601.769    -- 0x31D00 - 0x31EFF (  2 Sectors, 512 Bytes)
TC1BC 6032:601.780    -- 0x32100 - 0x3A1FF (129 Sectors, 32 KoB)
TC1BC 6032:601.792    -- Start of restoring
TC1BC 6032:601.804    -- Restoring RAMCode
TC1BC 6032:620.922    -- Restoring target memory
TC1BC 6032:669.832    -- Restore target
TC1BC 6032:669.865    -- Restore memory
TC1BC 6032:669.877    -- Restoring CPU registers
TC1BC 6032:669.901    -- End of restoring
TC1BC 6032:669.965    -- Bank 0 @ 0x00000000: 87 ranges affected (71936 bytes)
TC1BC 6032:669.989    -- Total: 1.592s (Prepare: 0.404s, Compare: 0.302s, Erase: 0.322s, Program & Verify: 0.510s, Restore: 0.052s)
TC1BC 6032:670.009    -- Program & Verify speed: 138 KiB/s
TC1BC 6032:672.653 - 1595.986ms returns 71936 (0x11900)
TC1BC 6032:672.730 JLINK_ResetPullsRESET(ON)
TC1BC 6032:672.747 - 0.022ms
TC1BC 6032:672.764 JLINK_ResetNoHalt()
TC1BC 6032:672.968   InitTarget() start
TC1BC 6032:673.008    J-Link Script File: Executing InitTarget()
TC1BC 6032:673.043   InitTarget()
TC1BC 6032:675.223   InitTarget() end
TC1BC 6032:675.779   Found SW-DP with ID 0x0BC11477
TC1BC 6032:677.735   DPIDR: 0x0BC11477
TC1BC 6032:677.826   AP map detection skipped. Manually configured AP map found.
TC1BC 6032:677.856   AP[0]: AHB-AP (IDR: Not set)
TC1BC 6032:678.687   AP[0]: Core found
TC1BC 6032:678.715   AP[0]: AHB-AP ROM base: 0x41003000
TC1BC 6032:679.138   CPUID register: 0x410CC601. Implementer code: 0x41 (ARM)
TC1BC 6032:679.163   Found Cortex-M0 r0p1, Little endian.
TC1BC 6032:779.812   -- Max. mem block: 0x000010C8
TC1BC 6032:779.865   CPU_ReadMem(4 bytes @ 0xE000EDF0)
TC1BC 6032:780.172   CPU_ReadMem(4 bytes @ 0xE0002000)
TC1BC 6032:780.546   FPUnit: 4 code (BP) slots and 0 literal slots
TC1BC 6032:780.568   CPU_ReadMem(4 bytes @ 0xE000EDFC)
TC1BC 6032:780.857   CPU_ReadMem(4 bytes @ 0xE0001000)
TC1BC 6032:781.178   CoreSight components:
TC1BC 6032:781.201   ROMTbl[0] @ 41003000
TC1BC 6032:781.219   CPU_ReadMem(64 bytes @ 0x41003000)
TC1BC 6032:781.893   CPU_ReadMem(32 bytes @ 0xE00FFFE0)
TC1BC 6032:782.367   ROMTbl[0][0]: E00FF000, CID: B105100D, PID: 000BB4C0 ROM Table
TC1BC 6032:782.389   ROMTbl[1] @ E00FF000
TC1BC 6032:782.402   CPU_ReadMem(64 bytes @ 0xE00FF000)
TC1BC 6032:783.072   CPU_ReadMem(32 bytes @ 0xE000EFE0)
TC1BC 6032:783.632   ROMTbl[1][0]: E000E000, CID: B105E00D, PID: 000BB008 SCS
TC1BC 6032:783.653   CPU_WriteMem(4 bytes @ 0xE0001000)
TC1BC 6032:784.037   CPU_ReadMem(32 bytes @ 0xE0001FE0)
TC1BC 6032:784.535   ROMTbl[1][1]: E0001000, CID: B105E00D, PID: 000BB00A DWT
TC1BC 6032:784.554   CPU_ReadMem(32 bytes @ 0xE0002FE0)
TC1BC 6032:785.041   ROMTbl[1][2]: E0002000, CID: B105E00D, PID: 000BB00B FPB
TC1BC 6032:785.058   CPU_ReadMem(32 bytes @ 0x41006FE0)
TC1BC 6032:785.631   ROMTbl[0][1]: 41006000, CID: B105900D, PID: 001BB932 MTB-M0+
TC1BC 6032:785.662   JLINK_Reset()
TC1BC 6032:785.680     CPU_ReadMem(4 bytes @ 0x20000000)
TC1BC 6032:785.976     CPU_WriteMem(4 bytes @ 0x20000000)
TC1BC 6032:786.332     ResetTarget() start
TC1BC 6032:786.353      J-Link Script File: Executing ResetTarget()
TC1BC 6032:786.661     CPU_ReadMem(4 bytes @ 0xE000EDFC)
TC1BC 6032:786.984     CPU_WriteMem(4 bytes @ 0xE000EDFC)
TC1BC 6032:787.326     CPU_WriteMem(4 bytes @ 0xE000ED0C)
TC1BC 6032:789.423     CPU_ReadMem(4 bytes @ 0xE000EDF0)
TC1BC 6032:789.770     CPU_ReadMem(4 bytes @ 0x41002100)
TC1BC 6032:790.113     CPU_WriteMem(4 bytes @ 0xE000EDFC)
TC1BC 6032:790.481     ResetTarget() end
TC1BC 6032:793.817     CPU_WriteMem(4 bytes @ 0xE0002000)
TC1BC 6032:794.166     CPU_ReadMem(4 bytes @ 0xE000EDFC)
TC1BC 6032:794.490     CPU_ReadMem(4 bytes @ 0xE0001000)
TC1BC 6032:794.818     CPU_WriteMem(4 bytes @ 0xE0001000)
TC1BC 6032:795.159   - 9.503ms
TC1BC 6032:795.173   JLINK_Go()
TC1BC 6032:795.188     CPU_ReadMem(4 bytes @ 0xE0001000)
TC1BC 6032:795.505     CPU_WriteMem(4 bytes @ 0xE0001000)
TC1BC 6032:795.862     CPU_WriteMem(4 bytes @ 0xE0001004)
TC1BC 6032:796.715   - 1.554ms
TC1BC 6032:796.733 - 123.973ms
TA580 6032:796.758 JLINK_EMU_GetList(InterfaceMask = 0x00000001, MaxInfos = 0x00000032) 
TA580 6032:797.648   [0]: USB, S/N: 801041476
TA580 6032:797.668 - 0.914ms returns 1
TA580 6032:797.975 JLINK_EMU_GetList(InterfaceMask = 0x00000002, MaxInfos = 0x00000032) 
TA580 6032:888.278 - 90.350ms returns 0
TC1BC 6032:888.352 JLINK_Close()
TC1BC 6032:905.059 - 16.747ms
TC1BC 6032:905.105   
TC1BC 6032:905.117   Closed
